<?xml version="1.0" encoding="UTF-8"?>
<!-- Generated by org.testng.reporters.JUnitXMLReporter -->
<testsuite hostname="DESK-1989" ignored="0" name="Listing_Page_A10_BelowBlock" tests="6" failures="0" timestamp="17 Jul 2017 07:33:12 GMT" time="74.264" errors="0">
  <testcase name="j01_RecentEnquiries" time="0.682" classname="a1_Listing_Page.A10_BelowBlock"/>
  <testcase name="j02_Blogs" time="0.603" classname="a1_Listing_Page.A10_BelowBlock"/>
  <testcase name="j03_ViewBlogsReadMoreBlogs" time="31.601" classname="a1_Listing_Page.A10_BelowBlock"/>
  <testcase name="j04_FAQBlogs" time="3.319" classname="a1_Listing_Page.A10_BelowBlock"/>
  <testcase name="j05_FooterLinks" time="4.308" classname="a1_Listing_Page.A10_BelowBlock"/>
  <testcase name="j06_SocialMedia" time="12.873" classname="a1_Listing_Page.A10_BelowBlock"/>
</testsuite> <!-- Listing_Page_A10_BelowBlock -->
