<?xml version="1.0" encoding="UTF-8"?>
<!-- Generated by org.testng.reporters.JUnitXMLReporter -->
<testsuite hostname="DESK-1989" ignored="0" name="Listing_Page_A11_GrandParentPage" tests="3" failures="0" timestamp="17 Jul 2017 07:33:44 GMT" time="32.088" errors="0">
  <testcase name="k01_CategoryLinks" time="6.863" classname="a1_Listing_Page.A11_GrandParentPage"/>
  <testcase name="k02_CityLinks" time="4.023" classname="a1_Listing_Page.A11_GrandParentPage"/>
  <testcase name="k03_LocalityLinks" time="6.566" classname="a1_Listing_Page.A11_GrandParentPage"/>
</testsuite> <!-- Listing_Page_A11_GrandParentPage -->
