<?xml version="1.0" encoding="UTF-8"?>
<!-- Generated by org.testng.reporters.JUnitXMLReporter -->
<testsuite hostname="DESK-1989" ignored="0" name="Listing_Page_A06_Listing_Tuple" tests="7" failures="0" timestamp="17 Jul 2017 07:28:33 GMT" time="46.066" errors="0">
  <testcase name="f01_ProfileLink" time="6.539" classname="a1_Listing_Page.A06_Listing_Tuple"/>
  <testcase name="f02_Verifytickmark" time="0.051" classname="a1_Listing_Page.A06_Listing_Tuple"/>
  <testcase name="f03_PaidBadge" time="0.045" classname="a1_Listing_Page.A06_Listing_Tuple"/>
  <testcase name="f04_ReviewListingtoProfile" time="10.719" classname="a1_Listing_Page.A06_Listing_Tuple"/>
  <testcase name="f05_ScoreListingtoProfile" time="2.927" classname="a1_Listing_Page.A06_Listing_Tuple"/>
  <testcase name="f06_TnCLink" time="5.1" classname="a1_Listing_Page.A06_Listing_Tuple"/>
  <testcase name="f07_AboutMoreLessLink" time="2.182" classname="a1_Listing_Page.A06_Listing_Tuple"/>
</testsuite> <!-- Listing_Page_A06_Listing_Tuple -->
