<?xml version="1.0" encoding="UTF-8"?>
<!-- Generated by org.testng.reporters.JUnitXMLReporter -->
<testsuite hostname="DESK-1989" ignored="0" name="Listing_Page_A07_Middle_block" tests="4" failures="0" timestamp="17 Jul 2017 07:30:14 GMT" time="38.531" errors="0">
  <testcase name="g01_Pagination" time="8.452" classname="a1_Listing_Page.A07_Middle_block"/>
  <testcase name="g02_HelpFeedback" time="4.57" classname="a1_Listing_Page.A07_Middle_block"/>
  <testcase name="g03_BacktoTop" time="2.161" classname="a1_Listing_Page.A07_Middle_block"/>
  <testcase name="g04_AddyourBusiness" time="9.307" classname="a1_Listing_Page.A07_Middle_block"/>
</testsuite> <!-- Listing_Page_A07_Middle_block -->
