<?xml version="1.0" encoding="UTF-8"?>
<!-- Generated by org.testng.reporters.JUnitXMLReporter -->
<testsuite hostname="DESK-1989" ignored="0" name="Listing_Page_A03_Features_Block" tests="5" failures="0" timestamp="17 Jul 2017 07:26:26 GMT" time="58.572" errors="0">
  <testcase name="c01_Feature_ProfileLink" time="18.145" classname="a1_Listing_Page.A03_Features_Block"/>
  <testcase name="c02_Feature_ReviewLink" time="11.302" classname="a1_Listing_Page.A03_Features_Block"/>
  <testcase name="c03_Feature_SENDSMS" time="4.357" classname="a1_Listing_Page.A03_Features_Block"/>
  <testcase name="c04_GetQuote" time="5.091" classname="a1_Listing_Page.A03_Features_Block"/>
  <testcase name="c05_Photo" time="4.319" classname="a1_Listing_Page.A03_Features_Block"/>
</testsuite> <!-- Listing_Page_A03_Features_Block -->
