<?xml version="1.0" encoding="UTF-8"?>
<!-- Generated by org.testng.reporters.JUnitXMLReporter -->
<testsuite hostname="DESK-1989" ignored="0" name="Listing_Page_A09_FindService" tests="5" failures="0" timestamp="17 Jul 2017 07:31:58 GMT" time="83.727" errors="0">
  <testcase name="i01_QuickLinks" time="4.794" classname="a1_Listing_Page.A09_FindService"/>
  <testcase name="i02_ByLocality" time="9.29" classname="a1_Listing_Page.A09_FindService"/>
  <testcase name="i03_ByCity" time="8.147" classname="a1_Listing_Page.A09_FindService"/>
  <testcase name="i04_ViewMoreCities" time="3.254" classname="a1_Listing_Page.A09_FindService"/>
  <testcase name="i05_RelatedServices" time="41.605" classname="a1_Listing_Page.A09_FindService"/>
</testsuite> <!-- Listing_Page_A09_FindService -->
