<?xml version="1.0" encoding="UTF-8"?>
<!-- Generated by org.testng.reporters.JUnitXMLReporter -->
<testsuite hostname="DESK-1989" ignored="0" name="Listing_Page_A06a_Listing_Tuple" tests="6" failures="0" timestamp="17 Jul 2017 07:29:35 GMT" time="62.048" errors="0">
  <testcase name="f08_Photolink" time="5.634" classname="a1_Listing_Page.A06a_Listing_Tuple"/>
  <testcase name="f09_SavetoPhone" time="11.916" classname="a1_Listing_Page.A06a_Listing_Tuple"/>
  <testcase name="f10_SENDSMS" time="10.592" classname="a1_Listing_Page.A06a_Listing_Tuple"/>
  <testcase name="f11_GetQuote" time="5.997" classname="a1_Listing_Page.A06a_Listing_Tuple"/>
  <testcase name="f12_GetDirection" time="7.035" classname="a1_Listing_Page.A06a_Listing_Tuple"/>
  <testcase name="f13_ViewReview" time="2.236" classname="a1_Listing_Page.A06a_Listing_Tuple"/>
</testsuite> <!-- Listing_Page_A06a_Listing_Tuple -->
