<?xml version="1.0" encoding="UTF-8"?>
<!-- Generated by org.testng.reporters.JUnitXMLReporter -->
<testsuite hostname="DESK-1989" ignored="0" name="Listing_Page_A01_Header" tests="4" failures="0" timestamp="17 Jul 2017 07:24:50 GMT" time="67.351" errors="0">
  <testcase name="a01_Cityfilter" time="4.479" classname="a1_Listing_Page.A01_Header"/>
  <testcase name="a02_Search" time="12.329" classname="a1_Listing_Page.A01_Header"/>
  <testcase name="a03_BusniessOwner_DownloadApp" time="11.712" classname="a1_Listing_Page.A01_Header"/>
  <testcase name="a04_Signin_SignOut" time="24.084" classname="a1_Listing_Page.A01_Header"/>
</testsuite> <!-- Listing_Page_A01_Header -->
