<?xml version="1.0" encoding="UTF-8"?>
<!-- Generated by org.testng.reporters.JUnitXMLReporter -->
<testsuite hostname="DESK-1989" ignored="0" name="Listing_Page_A02_TopBlocks" tests="3" failures="0" timestamp="17 Jul 2017 07:25:27 GMT" time="37.377" errors="0">
  <testcase name="b01_Breadcrumb_Link" time="12.367" classname="a1_Listing_Page.A02_TopBlocks"/>
  <testcase name="b02_TnC_LCForm" time="5.742" classname="a1_Listing_Page.A02_TopBlocks"/>
  <testcase name="b03_BusinessReviewTab" time="7.429" classname="a1_Listing_Page.A02_TopBlocks"/>
</testsuite> <!-- Listing_Page_A02_TopBlocks -->
