<?xml version="1.0" encoding="UTF-8"?>
<!-- Generated by org.testng.reporters.JUnitXMLReporter -->
<testsuite hostname="DESK-1989" ignored="0" name="Listing_Page_A08_ReviewBlock" tests="3" failures="0" timestamp="17 Jul 2017 07:30:34 GMT" time="20.526" errors="0">
  <testcase name="h01_ReviewPagination" time="5.008" classname="a1_Listing_Page.A08_ReviewBlock"/>
  <testcase name="h02_ReviewHelpful" time="1.297" classname="a1_Listing_Page.A08_ReviewBlock"/>
  <testcase name="h03_ReviewMoreLink" time="2.81" classname="a1_Listing_Page.A08_ReviewBlock"/>
</testsuite> <!-- Listing_Page_A08_ReviewBlock -->
