<?xml version="1.0" encoding="UTF-8"?>
<!-- Generated by org.testng.reporters.JUnitXMLReporter -->
<testsuite hostname="DESK-1989" ignored="0" name="Listing_Page_A05_Filter" tests="6" failures="0" timestamp="17 Jul 2017 07:27:47 GMT" time="48.717" errors="0">
  <testcase name="e01_FilterByAttribute" time="11.027" classname="a1_Listing_Page.A05_Filter"/>
  <testcase name="e02_FilterByLocality" time="3.838" classname="a1_Listing_Page.A05_Filter"/>
  <testcase name="e03_FilterByBrand" time="3.794" classname="a1_Listing_Page.A05_Filter"/>
  <testcase name="e04_FilterByCity" time="8.513" classname="a1_Listing_Page.A05_Filter"/>
  <testcase name="e05_AttributePageFilter" time="1.954" classname="a1_Listing_Page.A05_Filter"/>
  <testcase name="e06_FilterMoreLessLink" time="1.291" classname="a1_Listing_Page.A05_Filter"/>
</testsuite> <!-- Listing_Page_A05_Filter -->
