<?xml version="1.0" encoding="UTF-8"?>
<!-- Generated by org.testng.reporters.JUnitXMLReporter -->
<testsuite hostname="DESK-1989" ignored="0" name="Profile_Page_B4_RightBlock" tests="6" failures="0" timestamp="17 Jul 2017 07:38:41 GMT" time="60.212" errors="0">
  <testcase name="d1_SavetoPhone" time="7.123" classname="a2_Profile_Page.B4_RightBlock"/>
  <testcase name="d2_FreeProfileGetQuote" time="7.275" classname="a2_Profile_Page.B4_RightBlock"/>
  <testcase name="d3_TollfreeNo" time="7.795" classname="a2_Profile_Page.B4_RightBlock"/>
  <testcase name="d4_AddyourBusiness" time="5.797" classname="a2_Profile_Page.B4_RightBlock"/>
  <testcase name="d5_HelpFeedback" time="9.991" classname="a2_Profile_Page.B4_RightBlock"/>
  <testcase name="d6_BacktoTop" time="4.15" classname="a2_Profile_Page.B4_RightBlock"/>
</testsuite> <!-- Profile_Page_B4_RightBlock -->
