<?xml version="1.0" encoding="UTF-8"?>
<!-- Generated by org.testng.reporters.JUnitXMLReporter -->
<testsuite hostname="DESK-1989" ignored="0" name="Profile_Page_B5_BelowBlock" tests="6" failures="0" timestamp="17 Jul 2017 07:39:33 GMT" time="51.677" errors="0">
  <testcase name="e1_ProceedLink" time="3.239" classname="a2_Profile_Page.B5_BelowBlock"/>
  <testcase name="e2_FindOtherGetquoteLink" time="6.189" classname="a2_Profile_Page.B5_BelowBlock"/>
  <testcase name="e3_FindOtherProfileLink" time="9.489" classname="a2_Profile_Page.B5_BelowBlock"/>
  <testcase name="e04_QuickLinks" time="3.803" classname="a2_Profile_Page.B5_BelowBlock"/>
  <testcase name="e05_ByLocality" time="4.116" classname="a2_Profile_Page.B5_BelowBlock"/>
  <testcase name="e6_ByCity" time="4.745" classname="a2_Profile_Page.B5_BelowBlock"/>
</testsuite> <!-- Profile_Page_B5_BelowBlock -->
