<?xml version="1.0" encoding="UTF-8"?>
<!-- Generated by org.testng.reporters.JUnitXMLReporter -->
<testsuite hostname="DESK-1989" ignored="0" name="Profile_Page_B1_TopBlock" tests="4" failures="0" timestamp="17 Jul 2017 07:34:54 GMT" time="69.122" errors="0">
  <testcase name="a1_Breadcrumb" time="26.831" classname="a2_Profile_Page.B1_TopBlock"/>
  <testcase name="a2_VerifiedIcon" time="0.563" classname="a2_Profile_Page.B1_TopBlock"/>
  <testcase name="a3_PaidBadge" time="0.56" classname="a2_Profile_Page.B1_TopBlock"/>
  <testcase name="a4_OwnThisListing" time="25.191" classname="a2_Profile_Page.B1_TopBlock"/>
</testsuite> <!-- Profile_Page_B1_TopBlock -->
