<?xml version="1.0" encoding="UTF-8"?>
<!-- Generated by org.testng.reporters.JUnitXMLReporter -->
<testsuite hostname="DESK-1989" ignored="0" name="Profile_Page_B2_LeftBlock" tests="10" failures="2" timestamp="17 Jul 2017 07:36:17 GMT" time="83.517" errors="0">
  <testcase name="b8_AlsoListed" time="24.207" classname="a2_Profile_Page.B2_LeftBlock">
    <skipped/>
  </testcase> <!-- b8_AlsoListed -->
  <testcase name="b8_AlsoListed" time="2.726" classname="a2_Profile_Page.B2_LeftBlock">
    <failure type="java.lang.AssertionError" message="issue is also list link expected [true] but found [false]">
      <![CDATA[java.lang.AssertionError: issue is also list link expected [true] but found [false]
	at a2_Profile_Page.B2_LeftBlock.b8_AlsoListed(B2_LeftBlock.java:272)
... Removed 28 stack frames]]>
    </failure>
  </testcase> <!-- b8_AlsoListed -->
  <testcase name="b1_ReviewLink" time="0.687" classname="a2_Profile_Page.B2_LeftBlock"/>
  <testcase name="b2_TnClink" time="1.545" classname="a2_Profile_Page.B2_LeftBlock"/>
  <testcase name="b3_GetDirection" time="2.732" classname="a2_Profile_Page.B2_LeftBlock"/>
  <testcase name="b4_WebSiteLink" time="2.677" classname="a2_Profile_Page.B2_LeftBlock">
    <skipped/>
  </testcase> <!-- b4_WebSiteLink -->
  <testcase name="b4_WebSiteLink" time="2.688" classname="a2_Profile_Page.B2_LeftBlock">
    <failure type="java.lang.AssertionError" message="issue in WebSite link  expected [true] but found [false]">
      <![CDATA[java.lang.AssertionError: issue in WebSite link  expected [true] but found [false]
	at a2_Profile_Page.B2_LeftBlock.b4_WebSiteLink(B2_LeftBlock.java:111)
... Removed 28 stack frames]]>
    </failure>
  </testcase> <!-- b4_WebSiteLink -->
  <testcase name="b5_ReportError" time="7.41" classname="a2_Profile_Page.B2_LeftBlock"/>
  <testcase name="b6_ReportComplaint" time="7.048" classname="a2_Profile_Page.B2_LeftBlock"/>
  <testcase name="b7_PhotoLink" time="3.957" classname="a2_Profile_Page.B2_LeftBlock"/>
</testsuite> <!-- Profile_Page_B2_LeftBlock -->
