<?xml version="1.0" encoding="UTF-8"?>
<!-- Generated by org.testng.reporters.JUnitXMLReporter -->
<testsuite hostname="DESK-1989" ignored="0" name="Profile_Page_B3_MiddleBlock" tests="6" failures="0" timestamp="17 Jul 2017 07:37:41 GMT" time="83.629" errors="0">
  <testcase name="c1_ServiceOfferMoreLink" time="1.261" classname="a2_Profile_Page.B3_MiddleBlock"/>
  <testcase name="c2_AboutMoreLink" time="1.232" classname="a2_Profile_Page.B3_MiddleBlock"/>
  <testcase name="c3_ReviewPagination" time="3.877" classname="a2_Profile_Page.B3_MiddleBlock"/>
  <testcase name="c4_WriteReviews" time="24.824" classname="a2_Profile_Page.B3_MiddleBlock"/>
  <testcase name="c5_ReviewMoreLesslink" time="26.442" classname="a2_Profile_Page.B3_MiddleBlock"/>
  <testcase name="c6_ReviewMoreLesslink" time="1.728" classname="a2_Profile_Page.B3_MiddleBlock"/>
</testsuite> <!-- Profile_Page_B3_MiddleBlock -->
